[    0.000000] Linux version 4.15.070-generic (buildd@lgw01-amd64-055) (gcc version 7.4.0 (Ubuntu7.4.-1ubuntu1~18.04.1)) #79-Ubuntu SMP Tue Nov 12 10:36:11 UTC 2019 (Ubuntu 4.15.0-70.79-generic 4.15.18)
[    0.000000] Command line: BOOT_IMAGE=/boot/vmlinuz-4.15.0-70-generic root=ID=84b68602-df36--4d56-893450dd3bedf7f8 ro console=tty1 console=ttyS0
[    0.000000] KERNEL suported cpus:
[    0.000000]   Intel GenuineIntel
[    0.000000]   AMD AuthenticAMD
[    0.000000]   Centaur CentaurHauls
[    0.000000] x86/fpu: Supporting XSAVE feature 0x001: 'x87 floating point registers'
[    0.000000] x86/fpu: Supporting XSAVE feature 0x002: 'SSE registers'
[    0.000000] x86/fpu: Supporting XSAVE feature 0x004: 'AVX registers'
[    0.000000] x86/fpu: xstate_offset[2]:  576, xstate_sizes[2]:  256
[    0.000000] x86/fpu: Enabled xstate features 0x7, context size is 832 bytes, using 'standard' format.
[    0.000000] e820: BIOS-provided physical RAM map:
[    0.000000] BIOS-e820: [mem 0x0000000000000000-0x000000000009fbff] usable
[    0.000000] BIOS-e820: [mem 0x000000000009fc00-0x000000000009ffff] reserved
[    0.000000] BIOS-e820: [mem 0x00000000000f0000-0x0000000000fffff] reserved
[    0.000000] BIOS-e820: [mem 0x0000000000100000-0x000000003ffeffff] usable
[    0.000000] BIOS-e820: [mem 0x000000003fff0000-0x000000003fffffff] ACPI data
[    0.000000] BIOS-e820: [mem 00x00000000fec00000-0x00000000fec00fff] reserved
[    .000000] BIOS-e820: [mem 0x00000000fee00000-0x00000000fee00fff] reserved
[    0.000000] BIOS-e820: [mem 0x00000000fffc0000-0x00000000ffffffff] reserved
[    0.000000] NX (Execute Disable) protection: active
[    0.000000] SMBIOS 2.5 present.
[    0.000000] DMI: innotek GmbH VirtualBox/VirtualBox, BIOS VirtualBox 12/01/2006
[[    0.000000] Hypervisor detected: KVM
[    0.000000] e820: last_pfn = 0x3fff0 max_arch_pfn = 0x400000000
[    0.000000] MTRR: Disabled
[    0.000000] x86/PAT: MTRRs disabled, skipping PAT initialization too.
[    0.000000] CPU MTRRs all blank - virtualized system.
[    0.000000] x86/PAT: Configuration [0-7]: WB  WT  UC- UC  WB  WT  UC- UC  
[    0.000000] found SMP MP-table at mem 0x0009fff0-0x0009ffff]
[    0.000000]Scannng 1 areas  for low memory corruption
[    0.000000] RAMDISK: [mem 0x35981000-0x36cb7fff]
[    0.000000] ACI: Early tlechecksuverifation disabled
[    0.000000] ACPI: RSDP 0x00000000000E0000 000024 (v02 VBOX  )
[    0.000000] ACPI: XSDT 0x000000003FFF0030 00003C (v01 VBOX   VBOXXSDT 00000001 ASL  00000061)
[    0.000000ACPI: CP 0x00000003FFF00F0 0000F4 (04VBOX   VBOXFACP 00000001 ASL  00000061)
[    0.000000] ACPI: DSDT 0x000000003FFF0470 0021FF (v02 VBOX   VBOXBIOS 00000002 INTL 20100528)
[    0.000000] ACPI: FACS 0x000000003FFF0200 000040
[    0.000000] ACPI: FACS 0x000000003FFF0200 000040[    00000] ACPI: APIC 0x000000003FFF0240 00005C (v02 VBOX   VBOXAPIC 00000001 ASL  00000061)
[    0.000000] ACPI: SSDT 0x000000003FFF02A0 0001CC (v01 VBOX   VBOXCPUT 00000002 INTL 20100528)
[    0.000000] No NUMA configuration found
[    0.000000] Faking a node at [mem 0x0000000000000000-0x0000003ffeffff]
[    0.000000 NODE_DATA(0) allocated [mem 0x3ffc5000-0x3ffeffff]
[    0.000000] kvm-clock: cpu 0, msr 0:3ff44001, primary cpu clock
[    0.000000] m-clock:sing msrs 4b564d01 and 4b564d00
[    0.000000] kvm-clock: using sched offset of 4155892411 cycles
[    0.000000] clocksource: kvm-clock: mask: 0xffffffffffffffff max_cycles: 0x1cd42e4dffb, max_idle_ns: 881590591483 ns
[    0.000000] Zone ranges:
[    0.000000]   DMA      [mem 0x0000000000001000-0x0000000000ffffff]
[    0.000000]   DMA32    [mem 0x0000000001000000-0x000000003ffefff]
[    0.0000]   Normal   empy
[    .0000]   Devie  eempty
[    0.000000] Movable zone start for chnode
[    0.000000] Early memory node ranges
[    0.0000000]   node  0 [mem 0x0000000000001000-0x000000000009efff]
[    0.000000]   node   0: [mem 0x0000000000100000-0x000000003ffeffff]
[    0.000000] Reseedbut unavaible: 98 pages
[    0.0000 Initmemetup node 0 [mem 0x0000000000001000-0x000000003ffeffff]
[    0.000000] ACPI: PM-Timer IO Port: 0x4008
[    0.000000] IOAPIC[0]: apic_id 2, version 32, address 0xfec00000, GSI 0-23
[    0.000000] ACPI: INT_SRC_OVR (bus 0 bus_irq 0 global_irq 2 dfl dfl)
[    0.000000] ACPI: INT_SRC_OVR (bus 0 bus_irq 9 global_irq 9 low level)
[    0.000000] Using ACPI (MADT) for SMP configuration information
[    0.000000] smpboot: Allowing 2 CPUs, 0 hotplug CPUs
[    0.000000] PM: Registered nosave memory: [mem 0x00000000-0x00000fff]
[    0.000000] PM: Registered nosave memory: [mem 0x0009f000-0x0009ffff]
[    0.000000] PM: Registered nosave memory: [mem 0x000a0000-0x000effff]
[    0.000000] PM: Registered nosave memory: [mem 0x000f0000-0x000fffff]
[    0.000000] e820: [mem 0x40000000-0xfebfffff] available for PCI devices
[    0.000000] Booting paravirtualized kernel on KVM
[    0.000000] clocksource: refined-jiffies: mask: 0xffffffff max_cycles: 0xffffffff, max_idle_ns: 7645519600211568 ns
[    0.000000] randomget_radom_bytes called from start_kernel+0x99/0x4fd with crng_init=0
[    0.000000] setup_percpu: NR_CPUS:8192 nr_cpumask_bits:2 nr_cpu_ids:2nr_node_ids:1
[    0.000000] percpu: Embedded 45 pages/cpu s147456 r8192 d28672 u1048576
[    0.000000] PV qspinlock hash table entries: 256 (order: 0, 4096 bytes)
[    00000]Bult 1 zonelists, mobility grouping on.  Total pages: 257913[    0.000000] Policy zone: DM32
   0.00000 Krnel cmad line: BO_IMAGE=/boot/vmlinuz-4.15.0-70-generic root=UUID=84b68602-df36-4d56-8934-50dd3bedf7f8 ro console=tt1 console=ttyS0
[    0.000000] Memory: 982912K/1048120K available (12300K kernel code, 2481K rwdata, 4264K rodata, 2432K init, 2388K bss 65208K reserved, 0K cmreserved)
[  0000000] SLUB: HWalign=64, der=0-3, MObects=0, CPUs=2, Nodes=
[   0.000000] Kernel/User page tables isolation: enabled
[    0.000000] ftrace: allocating 39315 entries in 154 pages
[    0.004000] Hierarchical RCU implementation.
[    0.00400 	RCU restricting CPUs from NR_PU8192 to nr_cpu_ids=2.
[    0.0000] 	Tasks RCU enabled.
[    0.004000] RCU: Adjusting geometry for rcu_fanout_leaf=16, nr_cpu_ids=2
[    0.004000] NR_IRQS: 524544, nr_irqs: 440, preallocated irqs: 16
[    0.0040] Cnsole: cou VGA+8025
[   0.004000] console [tty1] abled
[   .004000] console [tty] nabled[    0.004000] ACPI: Core revio 201701
[  0.004000] ACPI: 2 ACPI AML tables successflly acquired and loaded
[    0.004000] APIC: Switch to symmetric I/O mode setup
[    0.004553] x2apic enabled
[    0.008005] Switched APIC routing to physical x2apic.
[    0.010618] ..TIMER: vector=0x30 apic1=0 pin1=2 apic2=-1 pin2=-1
[    0.012005] tsc: Detected 1607.999 MHz processor
[    0.016013] Calibrating delay loop (skipped) preset value.. 3215.99 BogoMIPS (lpj=6431996)
[    0.020009] pid_max: default: 32768 minimum: 301
[    0.024061] Security Framework initialized
[    0.028007] Yama: becoming mindful.
[    0.029122] AppArmor: AppArmor initialized
[    0.033546] Dentry cache hash table entries: 131072 (order: 8, 1048576 bytes)
[    0.036075] Inode-cache hash table entries: 65536 (order: 7, 524288 bytes)
[    0.037652] Mount-cache hash table entries: 2048 (order: 2, 16384 bytes)
[    0.040010] Mountpoint-cache hash table entries: 2048 (order: 2, 16384 bytes)
[    0.042470] Last level iTLB entries: 4KB 64, 2MB 8, 4MB 8
[    0.044006] Last level dTLB entries: 4KB 64, 2MB 0, 4MB 0, 1GB 4
[    0.045942] Spectre V1 : Mitigation: usercopy/swapgs barriers and __user pointer sanitization
[    0.048008] Spectre V2 : Mitigation: Full generic retpoline
[    0.049647] Spectre V2 : Spectre v2 / SpectreRSB mitigation: Filling RSB on context switch
[    0.052009] Speculative Store Bypass: Vulnerable
[    0.056053] MDS: Vulnerable: Clear CPU buffers attempted, no microcode
[    0.064141] Freeing SMP alternatives memory: 36K
[    0.174763] smpboot: CPU0: Intel(R) Core(TM) i5-8210Y CPU @ 1.60GHz (family: 0x6, model: 0x8e, stepping: 0x9)
[    0.176108] Performance Events: unsupported p6 CPU model 142 no PMU driver, software events only.
[    0.180076] Hierarchical SRCU implementation.
[    0.182101] NMI watchdog: Perf event create on CPU 0 failed with -2
[    0.184008] NMI watchdog: Perf NMI watchdog permanently disabled
[    0.188091] smp: Bringing up secondary CPUs ...
[    0.192132] x86: Booting SMP configuration:
[    0.196008] .... node  #0, CPUs:      #1
[    0.004000] kvm-clock: cpu 1, msr 0:3ff44041, secondary cpu clock
[    0.212029] smp: Brought up 1 node, 2 CPUs
[    0.216013] smpboot: Max logical packages: 1
[    0.217468] smpboot: Total of 2 processors activated (6431.99 BogoMIPS)
[    0.220169] devtmpfs: initialized
[    0.224125] x86/mm: Memory block size: 128MB
[    0.228153] evm: security.selinux
[    0.229133] evm: security.SMACK64
[    0.232010] evm: security.SMACK64EXEC
[    0.236006] evm: security.SMACK64TRANSMUTE
[    0.240005] evm: security.SMACK64MMAP
[    0.244004] evm: security.apparmor
[    0.248019] evm: security.ima
[    0.252005] evm: security.capability
[    0.256106] clocksource: jiffies: mask: 0xffffffff max_cycles: 0xffffffff, max_idle_ns: 7645041785100000 ns
[    0.260036] futex hash table entries: 512 (order: 3, 32768 bytes)
[    0.268032] pinctrl core: initialized pinctrl subsystem
[    0.272139] RTC time:  1:19:22, date: 12/03/19
[    0.276225] NET: Registered protocol family 16
[    0.280096] audit: initializing netlink subsys (disabled)
[    0.284060] audit: type=2000 audit(1575335964.579:1): state=initialized audit_enabled=0 res=1
[    0.344018] cpuidle: using governor ladder
[    0.348077] cpuidle: using governor menu
[    0.350448] ACPI: bus type PCI registered
[    0.351626] acpiphp: ACPI Hot Plug PCI Controller Driver version: 0.5
[    0.352152] PCI: Using configuration type 1 for base access
[    0.357015] HugeTLB registered 2.00 MiB page size, pre-allocated 0 pages
[    0.360322] ACPI: Added _OSI(Module Device)
[    0.364009] ACPI: Added _OSI(Processor Device)
[    0.366224] ACPI: Added _OSI(3.0 _SCP Extensions)
[    0.368007] ACPI: Added _OSI(Processor Aggregator Device)
[    0.372060] ACPI: Added _OSI(Linux-Dell-Video)
[    0.376017] ACPI: Added _OSI(Linux-Lenovo-NV-HDMI-Audio)
[    0.380054] ACPI: Added _OSI(Linux-HPI-Hybrid-Graphics)
[    0.384729] ACPI: Executed 1 blocks of module-level executable AML code
[    0.395155] ACPI: Interpreter enabled
[    0.396023] ACPI: (supports S0 S5)
[    0.400008] ACPI: Using IOAPIC for interrupt routing
[    0.404355] PCI: Using host bridge windows from ACPI; if necessary, use "pci=nocrs" and report a bug
[    0.408212] ACPI: Enabled 2 GPEs in block 00 to 07
[    0.420049] ACPI: PCI Root Bridge [PCI0] (domain 0000 [bus 00-ff])
[    0.424021] acpi PNP0A03:00: _OSC: OS supports [ASPM ClockPM Segments MSI]
[    0.428055] acpi PNP0A03:00: _OSC: not requesting OS control; OS requires [ExtendedConfig ASPM ClockPM MSI]
[    0.432026] acpi PNP0A03:00: fail to add MMCONFIG information, can't access extended PCI configuration space under this bridge.
[    0.440383] PCI host bridge to bus 0000:00
[    0.444009] pci_bus 0000:00: root bus resource [io  0x0000-0x0cf7 window]
[    0.448011] pci_bus 0000:00: root bus resource [io  0x0d00-0xffff window]
[    0.452011] pci_bus 0000:00: root bus resource [mem 0x000a0000-0x000bffff window]
[    0.456011] pci_bus 0000:00: root bus resource [mem 0x40000000-0xfdffffff window]
[    0.460011] pci_bus 0000:00: root bus resource [bus 00-ff]
[    0.470236] pci 0000:00:01.1: legacy IDE quirk: reg 0x10: [io  0x01f0-0x01f7]
[    0.472011] pci 0000:00:01.1: legacy IDE quirk: reg 0x14: [io  0x03f6]
[    0.476011] pci 0000:00:01.1: legacy IDE quirk: reg 0x18: [io  0x0170-0x0177]
[    0.480010] pci 0000:00:01.1: legacy IDE quirk: reg 0x1c: [io  0x0376]
[    0.501797] pci 0000:00:07.0: quirk: [io  0x4000-0x403f] claimed by PIIX4 ACPI
[    0.504032] pci 0000:00:07.0: quirk: [io  0x4100-0x410f] claimed by PIIX4 SMB
[    0.521649] ACPI: PCI Interrupt Link [LNKA] (IRQs 5 9 10 *11)
[    0.524375] ACPI: PCI Interrupt Link [LNKB] (IRQs 5 9 *10 11)
[    0.528210] ACPI: PCI Interrupt Link [LNKC] (IRQs 5 *9 10 11)
[    0.532228] ACPI: PCI Interrupt Link [LNKD] (IRQs 5 9 10 *11)
[    0.536502] SCSI subsystem initialized
[    0.540105] pci 0000:00:02.0: vgaarb: setting as boot VGA device
[    0.544000] pci 0000:00:02.0: vgaarb: VGA device added: decodes=io+mem,owns=io+mem,locks=none
[    0.608018] pci 0000:00:02.0: vgaarb: bridge control possible
[    0.610044] vgaarb: loaded
[    0.612182] ACPI: bus type USB registered
[    0.615737] usbcore: registered new interface driver usbfs
[    0.616013] usbcore: registered new interface driver hub
[    0.617240] usbcore: registered new device driver usb
[    0.620070] EDAC MC: Ver: 3.0.0
[    0.621197] PCI: Using ACPI for IRQ routing
[    0.624004] NetLabel: Initializing
[    0.624004] NetLabel:  domain hash size = 128
[    0.625270] NetLabel:  protocols = UNLABELED CIPSOv4 CALIPSO
[    0.628042] NetLabel:  unlabeled traffic allowed by default
[    0.632580] clocksource: Switched to clocksource kvm-clock
[    0.667655] VFS: Disk quotas dquot_6.6.0
[    0.669497] VFS: Dquot-cache hash table entries: 512 (order 0, 4096 bytes)
[    0.679776] AppArmor: AppArmor Filesystem Enabled
[    0.687666] pnp: PnP ACPI init
[    0.712653] pnp: PnP ACPI: found 3 devices
[    0.729998] clocksource: acpi_pm: mask: 0xffffff max_cycles: 0xffffff, max_idle_ns: 2085701024 ns
[    0.813083] NET: Registered protocol family 2
[    0.819298] TCP established hash table entries: 8192 (order: 4, 65536 bytes)
[    0.899494] TCP bind hash table entries: 8192 (order: 5, 131072 bytes)
[    0.978902] TCP: Hash tables configured (established 8192 bind 8192)
[    1.092439] UDP hash table entries: 512 (order: 2, 16384 bytes)
[    1.118464] UDP-Lite hash table entries: 512 (order: 2, 16384 bytes)
[    1.204009] NET: Registered protocol family 1
[    1.291806] pci 0000:00:00.0: Limiting direct PCI/PCI transfers
[    1.375062] pci 0000:00:01.0: Activating ISA DMA hang workarounds
[    1.462726] pci 0000:00:02.0: Video device with shadowed ROM at [mem 0x000c0000-0x000dffff]
[    1.558863] Unpacking initramfs...
[    1.981681] Freeing initrd memory: 19676K
[    2.002525] clocksource: tsc: mask: 0xffffffffffffffff max_cycles: 0x172da94f0e2, max_idle_ns: 440795278248 ns
[    2.093512] platform rtc_cmos: registered platform RTC device (no PNP device found)
[    2.145816] Scanning for low memory corruption every 60 seconds
[    2.172837] Initialise system trusted keyrings
[    2.197720] Key type blacklist registered
[    2.199077] workingset: timestamp_bits=36 max_order=18 bucket_order=0
[    2.201665] zbud: loaded
[    2.203018] squashfs: version 4.0 (2009/01/31) Phillip Lougher
[    2.223365] fuse init (API version 7.26)
[    2.237714] Key type asymmetric registered
[    2.238658] Asymmetric key parser 'x509' registered
[    2.239789] Block layer SCSI generic (bsg) driver version 0.4 loaded (major 246)
[    2.295722] io scheduler noop registered
[    2.296678] io scheduler deadline registered
[    2.297978] io scheduler cfq registered (default)
[    2.299551] ACPI: AC Adapter [AC] (on-line)
[    2.300663] input: Power Button as /devices/LNXSYSTM:00/LNXPWRBN:00/input/input0
[    2.302561] ACPI: Power Button [PWRF]
[    2.341112] input: Sleep Button as /devices/LNXSYSTM:00/LNXSLPBN:00/input/input1
[    2.403647] ACPI: Sleep Button [SLPF]
[    2.437387] ACPI: Battery Slot [BAT0] (battery present)
[    2.444888] Serial: 8250/16550 driver, 32 ports, IRQ sarg abed

[   .6600] 00:02: ttyS0  IO x38 (irq = 4, se_baud = 115200) is a 16550A

[    2.934110] Linux agpgart interface v0.103
[    2.941465] loop: module loaded
[    2.974330] scsi host0: ata_piix
[    2.997626] scsi host1: ata_piix
[    3.004177] ata1: PATA max UDMA/33 cmd 0x1f0 ctl 0x3f6 bmdma 0xd000 irq 14
[    3.011417] at: ATA max UDMA/33 cmd 0x170 ctl 0x376 bmdma 0xd008 irq 15
[    3.153268] libphy: Fixed MDIO Bus: probed
[    3.185283] tun: Universal TUN/TAP device driver, 1.6
[    3.206793] PPP generic driver version 2.4.2
[    3.208042] ehci_hcd: USB 2.0 'Enhanced' Host Controller (EHCI) Driver
[    3.225535] ehci-pci: EHCI PCI platform driver
[    3.238558] ehci-platform: EHCI generic platform driver
[    3.273975] ohci_hcd: USB 1.1 'Open' Host Controller (OHCI) Driver
[    3.324940] ohci-pci: OHCI PCI platform driver
[    3.331772] ohci-platform: OHCI generic platform driver
[    3.338788] uhci_hcd: USB Universal Host Controller Interface driver
[    3.347273] i8042: PNP: PS/2 Controller [PNP0303:PS2K,PNP0f03:PS2M] at 0x60,0x64 irq 1,12
[    3.441474] serio: i8042 KBD port at 0x60,0x64 irq 1
[    3.486282] serio: i8042 AUX port at 0x60,0x64 irq 12
[    3.530811] mousedev: PS/2 mouse device common for all mice
[    3.544042] rtc_cmos rtc_cmos: rtc core: registered rtc_cmos as rtc0
[    3.613903] rtc_cmos rtc_cmos: alarms up to one day, 114 bytes nvram
[    3.669473] input: AT Translated Set 2 keyboard as /devices/platform/i8042/serio0/input/input2
[    3.672081] i2c /dev entries driver
[    72017] device-mapper: uevent: version 1.0.3

[    3.798817] device-mapper: ioctl: 4.37.0-ioctl (2017-09-20) initialised: dm-devel@redhat.com
[    3.801329] ledtrig-cpu: registered to indicate activity on CPUs
[    3.806519] NET: Registered protocol family 10
[    3.861102] Segment Routing with IPv6
[    3.880431] NET: Registered protocol family 17
[    3.929991] Key type dns_resolver registered
[    3.943804] mce: Using 0 MCE banks
[    3.965406] RAS: Correctable Errors collector initialized.
[    3.966847] sched_clock: Marking stable (3965359843, 0)->(9329726898, -5364367055)
[    3.969614] registered taskstats version 1
[    3.971062] Loading compiled-in X.509 certificates
[    3.976220] Loaded X.509 cert 'Build time autogenerated kernel key: 1859b0531897959199376c446a0bd70df75fd1fc'
[    3.978613] zswap: loaded using pool lzo/zbud
[    3.985287] Key type big_key registered
[    3.986306] Key type trusted registered
[    3.990252] Key type encrypted registered
[    3.991674] AppArmor: AppArmor sha1 policy hashing enabled
[    4.001227] ima: No TPM chip found, activating TPM-bypass! (rc=-19)
[    4.006960] ima: Allocated hash algorithm: sha1
[    4.017658] evm: HMAC attrs: 0x1
[    4.019909]   Magic number: 15:634:305
[    4.024942] tty tty34: hash matches
[    4.029695] rtc_cmos rtc_cmos: setting system clock to 2019-12-03 01:19:27 UTC (1575335967)
[    4.036132] BIOS EDD facility v0.16 2004-Jun-25, 0 devices found
[    4.052127] EDD information not available.
[    4.059379] Freeing unused kernel image memory: 2432K
[    4.092900] Write protecting the kernel read-only data: 20480k
[    5.056959] Freeing unused kernel image memory: 2008K
[    5.099448] Freeing unused kernel image memory: 1880K
[    5.111496] x86/mm: Checked W+X mappings: passed, no W+X pages found.
[    5.474253] x86/mm: Checking user space page tables
[    6.387597] x86/mm: Checked W+X mappings: passed, no W+X pages found.
Loading, please wait...
starting version 237
[    7.471033] e1000: Intel(R) PRO/1000 Network Driver - version 7.3.21-k8-NAPI
[    7.473695] e1000: Copyright (c) 1999-2006 Intel Corporation.
[    7.483148] Fusion MPT base driver 3.04.20
[    7.484616] Copyright (c) 1999-2008 LSI Corporation
[    7.512512] Fusion MPT SPI Host driver 3.04.20
[    7.522675] AVX2 version of gcm_enc/dec engaged.
[    7.537527] AES CTR mode by8 optimization enabled
[    7.701323] input: ImExPS/2 Generic Explorer Mouse as /devices/platform/i8042/serio1/input/input4
[    7.906772] e1000 0000:00:03.0 eth0: (PCI:33MHz:32-bit) 02:14:02:97:50:96
[    7.957993] e1000 0000:00:03.0 eth0: Intel(R) PRO/1000 Network Connection
[    7.970336] mptbase: ioc0: Initiating bringup
[    8.116920] ioc0: LSI53C1030 A0: Capabilities={Initiator}
[    8.440778] scsi host2: ioc0: LSI53C1030 A0, FwRev=00000000h, Ports=1, MaxQ=256, IRQ=20
[    8.618244] scsi 2:0:0:0: Direct-Access     VBOX     HARDDISK         1.0  PQ: 0 ANSI: 5
[    9.022107] scsi target2:0:0: Beginning Domain Validation
[    9.057088] scsi target2:0:0: Domain Validation skipping write tests
[    9.062536] e1000 0000:00:08.0 eth1: (PCI:33MHz:32-bit) 08:00:27:d9:a4:0f
[    9.076379] scsi target2:0:0: Ending Domain Validation
[    9.076772] scsi target2:0:0: asynchronous
[    9.085065] e1000 0000:00:08.0 eth1: Intel(R) PRO/1000 Network Connection
[    9.087898] scsi 2:0:1:0: Direct-Access     VBOX     HARDDISK         1.0  PQ: 0 ANSI: 5
[    9.133721] e1000 0000:00:03.0 enp0s3: renamed from eth0
[    9.156933] e1000 0000:00:08.0 enp0s8: renamed from eth1
[    9.184211] scsi target2:0:1: Beginning Domain Validation
[    9.186754] random: fast init done
[    9.187912] random: systemd-udevd: uninitialized urandom read (16 bytes read)
[    9.187981] random: systemd-udevd: uninitialized urandom read (16 bytes read)
[    9.202920] random: systemd-udevd: uninitialized urandom read (16 bytes read)
[    9.235885] scsi target2:0:1: Domain Validation skipping write tests
[    9.249334] scsi target2:0:1: Ending Domain Validation
[    9.256651] scsi target2:0:1: asynchronous
[    9.276987] sd 2:0:0:0: Attached scsi generic sg0 type 0
[    9.287226] sd 2:0:0:0: [sda] 20971520 512-byte logical blocks: (10.7 GB/10.0 GiB)
[    9.290033] sd 2:0:1:0: Attached scsi generic sg1 type 0
[    9.298819] sd 2:0:0:0: [sda] Write Protect is off
[    9.323322] sd 2:0:0:0: [sda] Incomplete mode parameter data
[    9.325561] sd 2:0:0:0: [sda] Assuming drive cache: write through
[    9.473630] sd 2:0:1:0: [sdb] 20480 512-byte logical blocks: (10.5 MB/10.0 MiB)
[    9.511531]  sda: sda1
[    9.522262] sd 2:0:1:0: [sdb] Write Protect is off
[    9.524799] sd 2:0:0:0: [sda] Attached SCSI disk
[    9.531730] sd 2:0:1:0: [sdb] Incomplete mode parameter data
[    9.541786] sd 2:0:1:0: [sdb] Assuming drive cache: write through
[    9.563262] sd 2:0:1:0: [sdb] Attached SCSI disk
Begin: Loading essential drivers ... [   11.112248] raid6: sse2x1   gen() 10633 MB/s
[   11.164216] raid6: sse2x1   xor()  7857 MB/s
[   11.236260] raid6: sse2x2   gen() 13576 MB/s
[   11.312120] raid6: sse2x2   xor()  9106 MB/s
[   11.392161] raid6: sse2x4   gen() 14407 MB/s
[   11.484242] raid6: sse2x4   xor()  8345 MB/s
[   11.568223] raid6: avx2x1   gen() 20652 MB/s
[   11.640213] raid6: avx2x1   xor() 14731 MB/s
[   11.712159] raid6: avx2x2   gen() 25267 MB/s
[   11.792161] raid6: avx2x2   xor() 16455 MB/s
[   11.860208] raid6: avx2x4   gen() 28374 MB/s
[   11.912115] raid6: avx2x4   xor() 10622 MB/s
[   11.922283] raid6: using algorithm avx2x4 gen() 28374 MB/s
[   11.929354] raid6: .... xor() 10622 MB/s, rmw enabled
[   11.940795] raid6: using avx2x2 recovery algorithm
[   11.951791] xor: automatically using best checksumming function   avx       
[   11.960084] async_tx: api initialized (async)
done.
Begin: Running /scripts/init-premount ... done.
Begin: Mounting root file system ... Begin: Running /scripts/local-top ... done.
Begin: Running /scripts/local-premount ... [   12.067987] Btrfs loaded, crc32c=crc32c-intel
Scanning for Btrfs filesystems
done.
Warning: fsck no[   12.108886] EXT4-fs (sda1): INFO: recovery required on readonly filesystem
t present, so sk[   12.175534] EXT4-fs (sda1): write access will be enabled during recovery
ipping root file system
[   12.253543] EXT4-fs (sda1): recovery complete
[   12.255431] EXT4-fs (sda1): mounted filesystem with ordered data mode. Opts: (null)
done.
Begin: Running /scripts/local-bottom ... done.
Begin: Running /scripts/init-bottom ... done.
[   12.485824] ip_tables: (C) 2000-2006 Netfilter Core Team
[   12.498560] systemd[1]: systemd 237 running in system mode. (+PAM +AUDIT +SELINUX +IMA +APPARMOR +SMACK +SYSVINIT +UTMP +LIBCRYPTSETUP +GCRYPT +GNUTLS +ACL +XZ +LZ4 +SECCOMP +BLKID +ELFUTILS +KMOD -IDN2 +IDN -PCRE2 default-hierarchy=hybrid)
[   14.605364] systemd[1]: Detected virtualization oracle.
[   15.603383] systemd[1]: Detected architecture x86-64.

Welcome to [1mUbuntu 18.04.2 LTS[0m!

[   15.643923] systemd[1]: Set hostname to <ubuntu-bionic>.
[   16.456792] systemd[1]: Created slice System Slice.
[[0;32m  OK  [0m] Created slice System Slice.
[   16.663846] systemd[1]: Listening on udev Kernel Socket.
[[0;32m  OK  [0m] Listening on udev Kernel Socket.
[   17.161842] systemd[1]: Created slice system-serial\x2dgetty.slice.
[[0;32m  OK  [0m] Created slice system-serial\x2dgetty.slice.
[   17.498345] systemd[1]: Listening on Journal Socket (/dev/log).
[[0;32m  OK  [0m] Listening on Journal Socket (/dev/log).
[   17.508917] systemd[1]: Listening on LVM2 metadata daemon socket.
[[0;32m  OK  [0m] Listening on LVM2 metadata daemon socket.
[   17.520117] systemd[1]: Listening on udev Control Socket.
[[0;32m  OK  [0m] Listening on udev Control Socket.
[   17.556503] systemd[1]: Started Forward Password Requests to Wall Directory Watch.
[[0;32m  OK  [0m] Started Forward Password Requests to Wall Directory Watch.
[   18.532549] systemd[1]: Listening on Journal Audit Socket.
[[0;32m  OK  [0m] Listening on Journal Audit Socket.
[   19.561423] systemd[1]: Reached target System Time Synchronized.
[[0;32m  OK  [0m] Reached target System Time Synchronized.
[   19.716131] systemd[1]: Reached target User and Group Name Lookups.
[[0;32m  OK  [0m] Reached target User and Group Name Lookups.
[   19.726441] systemd[1]: Listening on LVM2 poll daemon socket.
[[0;32m  OK  [0m] Listening on LVM2 poll daemon socket.
[   20.136514] systemd[1]: Listening on Network Service Netlink Socket.
[[0;32m  OK  [0m] Listening on Network Service Netlink Socket.
[   20.767959] systemd[1]: Set up automount Arbitrary Executable File Formats File System Automount Point.
[[0;32m  OK  [0m] Set up automount Arbitrary Executab…rmats File System Automount Point.
[   20.790557] systemd[1]: Created slice User and Session Slice.
[[0;32m  OK  [0m] Created slice User and Session Slice.
[[0;32m  OK  [0m] Reached target Slices.
[[0;32m  OK  [0m] Listening on Syslog Socket.
[[0;32m  OK  [0m] Reached target Swap.
[[0;32m  OK  [0m] Listening on /dev/initctl Compatibility Named Pipe.
[[0;32m  OK  [0m] Listening on Journal Socket.
         Mounting Kernel Debug File System...
         Starting Uncomplicated firewall...
         Mounting Huge Pages File System...
         Starting Create list of required st…ce nodes for the current kernel...
         Starting udev Coldplug all Devices...
         Mounting POSIX Message Queue File System...
         Starting Journal Service...
         Starting Load Ke[   20.919874] Loading iSCSI transport class v2.0-870.
rnel Modules...
         Starting Set the console keyboard layout...
         Starting Remount Root and Kernel File Systems...
[   20.952783] random: crng init done
[   20.954110] random: 7 urandom warning(s) missed due to ratelimiting
[[0;32m  OK  [0m] Listening on Device-mapper event daemon FIFOs.
[   20.962721] iscsi: registered transport (tcp)
         Starting Monitoring of LVM2 mirrors…ng dmeventd or progress polling...
[[0;32m  OK  [0m] Started Journal Service.
[   21.068881] EXT4-fs (sda1): re-mounted. Opts: (null)
[[0;32m  OK  [0m] Mounted Kernel Debug File System.
[[0;32m  OK  [0m] Started Uncomplicated firewall.
[[0;32m  OK  [0m] Mounted Huge Pages File System.
[[0;32m  OK  [0m] Started Create list of required sta…vice nodes for the current kernel.
[   21.931074] iscsi: registered transport (iser)
[[0;32m  OK  [0m] Mounted POSIX Message Queue File System.
[[0;32m  OK  [0m] Started Load Kernel Modules.
[[0;32m  OK  [0m] Started Remount Root and Kernel File Systems.
[[0;32m  OK  [0m] Started LVM2 metadata daemon.
         Starting Load/Save Random Seed...
         Mounting FUSE Control File System...
         Starting Apply Kernel Variables...
         Mounting Kernel Configuration File System...
         Starting Create Static Device Nodes in /dev...
         Starting Flush Journal to Persistent Storage...
[[0;32m  OK  [0m] Mounted FUSE Control File System.
[[0;32m  OK  [0m] Mounted Kernel Configuration File System.
[[0;32m  OK  [0m] Started Set the console keyboard layout.
[[0;32m  OK  [0m] Started udev Coldplug all Devices.
[[0;32m  OK  [0m] Started Monitoring of LVM2 mirrors,…sing dmeventd or progress polling.
[[0;32m  OK  [0m] Started Load/Save Random Seed.
[[0;32m  OK  [0m] Started Create Static Device Nodes in /dev.
         Starting udev Kernel Device Manager...
[[0;32m  OK  [0m] Reached target Local File Systems (Pre).
[[0;32m  OK  [0m] Reached target Local File Systems.
         Starting Tell Plymouth To Write Out Runtime Data...
         Starting Set console font and keymap...
         Starting AppArmor initialization...
         Starting ebtables ruleset management...
[[0;32m  OK  [0m] Started udev Kernel Device Manager.
[[0;32m  OK  [0m] Started Apply Kernel Variables.
[[0;32m  OK  [0m] Started Tell Plymouth To Write Out Runtime Data.
[[0;32m  OK  [0m] Started Set console font and keymap.
[[0;32m  OK  [0m] Started Dispatch Password Requests to Console Directory Watch.
[[0;32m  OK  [0m] Reached target Local Encrypted Volumes.
[[0;32m  OK  [0m] Started ebtables ruleset management.
[[0;32m  OK  [0m] Started Flush Journal to Persistent Storage.
         Starting Create Volatile Files and Directories...
[[0;32m  OK  [0m] Started Create Volatile Files and Directories.
         Starting Update UTMP about System Boot/Shutdown...
[[0;32m  OK  [0m] Found device /dev/ttyS0.
[[0;32m  OK  [0m] Started Update UTMP about System Boot/Shutdown.
[[0;32m  OK  [0m] Started AppArmor initialization.
         Starting Initial cloud-init job (pre-networking)...
[[0;32m  OK  [0m] Listening on Load/Save RF Kill Switch Status /dev/rfkill Watch.
[   24.341583] cloud-init[533]: Cloud-init v. 19.1-1-gbaa47854-0ubuntu1~18.04.1 running 'init-local' at Tue, 03 Dec 2019 01:19:47 +0000. Up 24.07 seconds.
[[0;32m  OK  [0m] Started Initial cloud-init job (pre-networking).
[[0;32m  OK  [0m] Reached target Network (Pre).
         Starting Network Service...
[[0;32m  OK  [0m] Started Network Service.
         Starting Network Name Resolution...
         Starting Wait for Network to be Configured...
[[0;32m  OK  [0m] Started Network Name Resolution.
[[0;32m  OK  [0m] Reached target Network.
[[0;32m  OK  [0m] Reached target Host and Network Name Lookups.
[[0;32m  OK  [0m] Started Wait for Network to be Configured.
         Starting Initial cloud-init job (metadata service crawler)...
[   27.020898] cloud-init[724]: Cloud-init v. 19.1-1-gbaa47854-0ubuntu1~18.04.1 running 'init' at Tue, 03 Dec 2019 01:19:50 +0000. Up 26.86 seconds.
[   27.024823] cloud-init[724]: ci-info: ++++++++++++++++++++++++++++++++++++++Net device info+++++++++++++++++++++++++++++++++++++++
[   27.028044] cloud-init[724]: ci-info: +--------+------+-----------------------------+---------------+--------+-------------------+
[   27.044399] cloud-init[724]: ci-info: | Device |  Up  |           Address           |      Mask     | Scope  |     Hw-Address    |
[   27.059891] cloud-init[724]: ci-info: +--------+------+-----------------------------+---------------+--------+-------------------+
[   27.062938] cloud-init[724]: ci-info: | enp0s3 | True |          10.0.2.15          | 255.255.255.0 | global | 02:14:02:97:50:96 |
[   27.128286] cloud-init[724]: ci-info: | enp0s3 | True |  fe80::14:2ff:fe97:5096/64  |       .       |  link  | 02:14:02:97:50:96 |
[   27.168212] cloud-init[724]: ci-info: | enp0s8 | True |        192.168.33.10        | 255.255.255.0 | global | 08:00:27:d9:a4:0f |
[   27.177259] cloud-init[724]: ci-info: | enp0s8 | True | fe80::a00:27ff:fed9:a40f/64 |       .       |  link  | 08:00:27:d9:a4:0f |
[   27.186945] cloud-init[724]: ci-info: |   lo   | True |          127.0.0.1          |   255.0.0.0   |  host  |         .         |
[   27.206849] cloud-init[724]: ci-info: |   lo   | True |           ::1/128           |       .       |  host  |         .         |
[   27.296012] cloud-init[724]: ci-info: +--------+------+-----------------------------+---------------+--------+-------------------+
[   27.555304] cloud-init[724]: ci-info: +++++++++++++++++++++++++++++Route IPv4 info+++++++++++++++++++++++++++++
[   27.569024] cloud-init[724]: ci-info: +-------+--------------+----------+-----------------+-----------+-------+
[   27.596281] cloud-init[724]: ci-info: | Route | Destination  | Gateway  |     Genmask     | Interface | Flags |
[   27.620459] cloud-init[724]: ci-info: +-------+--------------+----------+-----------------+-----------+-------+
[   27.620701] cloud-init[724]: ci-info: |   0   |   0.0.0.0    | 10.0.2.2 |     0.0.0.0     |   enp0s3  |   UG  |
[   27.622070] cloud-init[724]: ci-info: |   1   |   10.0.2.0   | 0.0.0.0  |  255.255.255.0  |   enp0s3  |   U   |
[   27.623451] cloud-init[724]: ci-info: |   2   |   10.0.2.2   | 0.0.0.0  | 255.255.255.255 |   enp0s3  |   UH  |
[   27.625116] cloud-init[724]: ci-info: |   3   | 192.168.33.0 | 0.0.0.0  |  255.255.255.0  |   enp0s8  |   U   |
[   27.626756] cloud-init[724]: ci-info: +-------+--------------+----------+-----------------+-----------+-------+
[[0;32m  OK  [0m] Started Initial cloud-init job (metadata service crawler).
[   27.629381] cloud-init[724]: ci-info: +++++++++++++++++++Route IPv6 info+++++++++++++++++++
[[   27.769085] cloud-init[724]: ci-info: +-------+-------------+---------+-----------+-------+
[   27.769398] cloud-init[724]: ci-info: | Route | Destination | Gateway | Interface | Flags |
[0;32m  OK  [0m] Reached target Network is Online.
[   27.769688] cloud-init[724]: ci-info: +-------+-------------+---------+-----------+-------+
[   27.976801] cloud-init[724]: ci-info: |   1   |  fe80::/64  |    ::   |   enp0s8  |   U   |
[   27.977031] cloud-init[724]: ci-info: |   2   |  fe80::/64  |    ::   |   enp0s3  |   U   |
         Starting Availability of block devices...
[[   27.977395] cloud-init[724]: ci-info: |   4   |    local    |    ::   |   enp0s3  |   U   |
[   28.050352] cloud-init[724]: ci-info: |   5   |    local    |    ::   |   enp0s8  |   U   |
[   28.052411] cloud-init[724]: ci-info: |   6   |   ff00::/8  |    ::   |   enp0s8  |   U   |
[   28.059687] cloud-init[724]: ci-info: |   7   |   ff00::/8  |    ::   |   enp0s3  |   U   |
[   28.062305] cloud-init[724]: ci-info: +-------+-------------+---------+-----------+-------+
[0;32m  OK  [0m] Reached target Remote File Systems (Pre).
[[0;32m  OK  [0m] Reached target Remote File Systems.
[[0;32m  OK  [0m] Reached target Cloud-config availability.
[[0;32m  OK  [0m] Reached target System Initialization.
[[0;32m  OK  [0m] Listening on UUID daemon activation socket.
[[0;32m  OK  [0m] Started Daily apt download activities.
[[0;32m  OK  [0m] Started Message of the Day.
[[0;32m  OK  [0m] Listening on D-Bus System Message Bus Socket.
[[0;32m  OK  [0m] Listening on Open-iSCSI iscsid Socket.
[[0;32m  OK  [0m] Started ACPI Events Check.
         Starting LXD - unix socket.
[[0;32m  OK  [0m] Listening on ACPID Listen Socket.
[[0;32m  OK  [0m] Started Daily Cleanup of Temporary Directories.
[[0;32m  OK  [0m] Started Discard unused blocks once a week.
[[0;32m  OK  [0m] Reached target Paths.
         Starting Socket activation for snappy daemon.
[[0;32m  OK  [0m] Started Daily apt upgrade and clean activities.
[[0;32m  OK  [0m] Reached target Timers.
[[0;32m  OK  [0m] Started Availability of block devices.
[[0;32m  OK  [0m] Listening on LXD - unix socket.
[[0;32m  OK  [0m] Listening on Socket activation for snappy daemon.
[[0;32m  OK  [0m] Reached target Sockets.
[[0;32m  OK  [0m] Reached target Basic System.
         Starting Login Service...
         Starting LSB: automatic crash report generation...
         Starting vboxadd.service...
         Starting Permit User Sessions...
         Starting LXD - container startup/shutdown...
[[0;32m  OK  [0m] Started Deferred execution scheduler.
[[0;32m  OK  [0m] Started FUSE filesystem for LXC.
[[0;32m  OK  [0m] Started irqbalance daemon.
         Starting Accounts Service...
[[0;32m  OK  [0m] Started Regular background program processing daemon.
         Starting System Logging Service...
         Starting Snappy daemon...
         Starting Dispatcher daemon for systemd-networkd...
[[0;32m  OK  [0m] Started D-Bus System Message Bus.
         Starting OpenBSD Secure Shell server...
         Starting LSB: Record successful boot for GRUB...
[[0;32m  OK  [0m] Started System Logging Service.
[[0;32m  OK  [0m] Started Permit User Sessions.
[[0;32m  OK  [0m] Started LXD - container startup/shutdown.
[[0;32m  OK  [0m] Started Login Service.
         Starting Authorization Manager...
[[0;32m  OK  [0m] Started Unattended Upgrades Shutdown.
         Starting Terminate Plymouth Boot Screen...
         Starting Hold until boot process finishes up...
[[0;32m  OK  [0m] Started OpenBSD Secure Shell server.
[[0;32m  OK  [0m] Started Terminate Plymouth Boot Screen.
[[0;32m  OK  [0m] Started Hold until boot process finishes up.
         Starting Set console scheme...
[[0;32m  OK  [0m] Started Serial Getty on ttyS0.
[[0;32m  OK  [0m] Started LSB: automatic crash report generation.
[[0;32m  OK  [0m] Started Set console scheme.
[[0;32m  OK  [0m] Started Authorization Manager.
[[0;32m  OK  [0m] Started Accounts Service.
[[0;32m  OK  [0m] Created slice system-getty.slice.
[[0;32m  OK  [0m] Started Getty on tty1.
[[0;32m  OK  [0m] Reached target Login Prompts.
[[0;32m  OK  [0m] Started LSB: Record successful boot for GRUB.
[[0;32m  OK  [0m] Started Snappy daemon.
         Starting Wait until snapd is fully seeded...
[[0;32m  OK  [0m] Started Dispatcher daemon for systemd-networkd.
[[0;32m  OK  [0m] Started vboxadd.service.
[[0;32m  OK  [0m] Created slice User Slice of vagrant.
         Starting vboxadd-service.service...
[[0;32m  OK  [0m] Started Wait until snapd is fully seeded.
         Starting User Manager for UID 1000...
         Starting Apply the settings specified in cloud-config...
[[0;32m  OK  [0m] Started vboxadd-service.service.
[[0;32m  OK  [0m] Started Session 1 of user vagrant.
[[0;32m  OK  [0m] Reached target Multi-User System.
[[0;32m  OK  [0m] Reached target Graphical Interface.
         Starting Update UTMP about System Runlevel Changes...
[[0;32m  OK  [0m] Started Update UTMP about System Runlevel Changes.
[[0;32m  OK  [0m] Started User Manager for UID 1000.
[   30.823100] cloud-init[1133]: Cloud-init v. 19.1-1-gbaa47854-0ubuntu1~18.04.1 running 'modules:config' at Tue, 03 Dec 2019 01:19:54 +0000. Up 30.67 seconds.
[[0;32m  OK  [0m] Started Apply the settings specified in cloud-config.
         Starting Execute cloud user/final scripts...
[   31.813309] cloud-init[1210]: Cloud-init v. 19.1-1-gbaa47854-0ubuntu1~18.04.1 running 'modules:final' at Tue, 03 Dec 2019 01:19:55 +0000. Up 31.66 seconds.
[[   31.904748] cloud-init[1210]: Cloud-init v. 19.1-1-gbaa47854-0ubuntu1~18.04.1 finished at Tue, 03 Dec 2019 01:19:55 +0000. Datasource DataSourceNoCloud [seed=/dev/sdb][dsmode=net].  Up 31.80 seconds
[0;32m  OK  [0m] Started Execute cloud user/final scripts.
[[0;32m  OK  [0m] Reached target Cloud-init target.

Ubuntu 18.04.2 LTS ubuntu-bionic ttyS0

ubuntu-bionic login: 